<?xml version="1.0" encoding="UTF-8"?>
<testsuite xmlns:xsi="http://www.w3.org/2001/XMLSchema-instance" xsi:noNamespaceSchemaLocation="https://maven.apache.org/surefire/maven-surefire-plugin/xsd/surefire-test-report.xsd" name="com.example.demo.Demo0519ApplicationTests" time="6.538" tests="1" errors="0" skipped="0" failures="0">
  <properties>
    <property name="sun.desktop" value="windows"/>
    <property name="awt.toolkit" value="sun.awt.windows.WToolkit"/>
    <property name="file.encoding.pkg" value="sun.io"/>
    <property name="java.specification.version" value="1.8"/>
    <property name="sun.cpu.isalist" value="amd64"/>
    <property name="sun.jnu.encoding" value="GBK"/>
    <property name="java.class.path" value="D:\JavaFiles\workspace\demo0519\target\test-classes;D:\JavaFiles\workspace\demo0519\target\classes;D:\JavaFiles\maven\repository\log4j\log4j\1.2.16\log4j-1.2.16.jar;D:\JavaFiles\maven\repository\commons-fileupload\commons-fileupload\1.3.1\commons-fileupload-1.3.1.jar;D:\JavaFiles\maven\repository\commons-io\commons-io\2.4\commons-io-2.4.jar;D:\JavaFiles\maven\repository\commons-codec\commons-codec\1.11\commons-codec-1.11.jar;D:\JavaFiles\maven\repository\org\springframework\boot\spring-boot-starter-web\2.1.5.RELEASE\spring-boot-starter-web-2.1.5.RELEASE.jar;D:\JavaFiles\maven\repository\org\springframework\boot\spring-boot-starter\2.1.5.RELEASE\spring-boot-starter-2.1.5.RELEASE.jar;D:\JavaFiles\maven\repository\org\springframework\boot\spring-boot-starter-logging\2.1.5.RELEASE\spring-boot-starter-logging-2.1.5.RELEASE.jar;D:\JavaFiles\maven\repository\ch\qos\logback\logback-classic\1.2.3\logback-classic-1.2.3.jar;D:\JavaFiles\maven\repository\ch\qos\logback\logback-core\1.2.3\logback-core-1.2.3.jar;D:\JavaFiles\maven\repository\org\apache\logging\log4j\log4j-to-slf4j\2.11.2\log4j-to-slf4j-2.11.2.jar;D:\JavaFiles\maven\repository\org\apache\logging\log4j\log4j-api\2.11.2\log4j-api-2.11.2.jar;D:\JavaFiles\maven\repository\org\slf4j\jul-to-slf4j\1.7.26\jul-to-slf4j-1.7.26.jar;D:\JavaFiles\maven\repository\org\yaml\snakeyaml\1.23\snakeyaml-1.23.jar;D:\JavaFiles\maven\repository\org\springframework\boot\spring-boot-starter-json\2.1.5.RELEASE\spring-boot-starter-json-2.1.5.RELEASE.jar;D:\JavaFiles\maven\repository\com\fasterxml\jackson\core\jackson-databind\2.9.8\jackson-databind-2.9.8.jar;D:\JavaFiles\maven\repository\com\fasterxml\jackson\core\jackson-annotations\2.9.0\jackson-annotations-2.9.0.jar;D:\JavaFiles\maven\repository\com\fasterxml\jackson\core\jackson-core\2.9.8\jackson-core-2.9.8.jar;D:\JavaFiles\maven\repository\com\fasterxml\jackson\datatype\jackson-datatype-jdk8\2.9.8\jackson-datatype-jdk8-2.9.8.jar;D:\JavaFiles\maven\repository\com\fasterxml\jackson\datatype\jackson-datatype-jsr310\2.9.8\jackson-datatype-jsr310-2.9.8.jar;D:\JavaFiles\maven\repository\com\fasterxml\jackson\module\jackson-module-parameter-names\2.9.8\jackson-module-parameter-names-2.9.8.jar;D:\JavaFiles\maven\repository\org\hibernate\validator\hibernate-validator\6.0.16.Final\hibernate-validator-6.0.16.Final.jar;D:\JavaFiles\maven\repository\javax\validation\validation-api\2.0.1.Final\validation-api-2.0.1.Final.jar;D:\JavaFiles\maven\repository\org\jboss\logging\jboss-logging\3.3.2.Final\jboss-logging-3.3.2.Final.jar;D:\JavaFiles\maven\repository\com\fasterxml\classmate\1.4.0\classmate-1.4.0.jar;D:\JavaFiles\maven\repository\org\springframework\spring-web\5.1.7.RELEASE\spring-web-5.1.7.RELEASE.jar;D:\JavaFiles\maven\repository\org\springframework\spring-beans\5.1.7.RELEASE\spring-beans-5.1.7.RELEASE.jar;D:\JavaFiles\maven\repository\org\springframework\spring-webmvc\5.1.7.RELEASE\spring-webmvc-5.1.7.RELEASE.jar;D:\JavaFiles\maven\repository\org\springframework\spring-aop\5.1.7.RELEASE\spring-aop-5.1.7.RELEASE.jar;D:\JavaFiles\maven\repository\org\springframework\spring-context\5.1.7.RELEASE\spring-context-5.1.7.RELEASE.jar;D:\JavaFiles\maven\repository\org\springframework\spring-expression\5.1.7.RELEASE\spring-expression-5.1.7.RELEASE.jar;D:\JavaFiles\maven\repository\com\alibaba\fastjson\1.1.41\fastjson-1.1.41.jar;D:\JavaFiles\maven\repository\org\springframework\boot\spring-boot-starter-test\2.1.5.RELEASE\spring-boot-starter-test-2.1.5.RELEASE.jar;D:\JavaFiles\maven\repository\org\springframework\boot\spring-boot-test\2.1.5.RELEASE\spring-boot-test-2.1.5.RELEASE.jar;D:\JavaFiles\maven\repository\org\springframework\boot\spring-boot-test-autoconfigure\2.1.5.RELEASE\spring-boot-test-autoconfigure-2.1.5.RELEASE.jar;D:\JavaFiles\maven\repository\com\jayway\jsonpath\json-path\2.4.0\json-path-2.4.0.jar;D:\JavaFiles\maven\repository\net\minidev\json-smart\2.3\json-smart-2.3.jar;D:\JavaFiles\maven\repository\net\minidev\accessors-smart\1.2\accessors-smart-1.2.jar;D:\JavaFiles\maven\repository\org\ow2\asm\asm\5.0.4\asm-5.0.4.jar;D:\JavaFiles\maven\repository\org\slf4j\slf4j-api\1.7.26\slf4j-api-1.7.26.jar;D:\JavaFiles\maven\repository\junit\junit\4.12\junit-4.12.jar;D:\JavaFiles\maven\repository\org\assertj\assertj-core\3.11.1\assertj-core-3.11.1.jar;D:\JavaFiles\maven\repository\org\mockito\mockito-core\2.23.4\mockito-core-2.23.4.jar;D:\JavaFiles\maven\repository\net\bytebuddy\byte-buddy\1.9.12\byte-buddy-1.9.12.jar;D:\JavaFiles\maven\repository\net\bytebuddy\byte-buddy-agent\1.9.12\byte-buddy-agent-1.9.12.jar;D:\JavaFiles\maven\repository\org\objenesis\objenesis\2.6\objenesis-2.6.jar;D:\JavaFiles\maven\repository\org\hamcrest\hamcrest-core\1.3\hamcrest-core-1.3.jar;D:\JavaFiles\maven\repository\org\hamcrest\hamcrest-library\1.3\hamcrest-library-1.3.jar;D:\JavaFiles\maven\repository\org\skyscreamer\jsonassert\1.5.0\jsonassert-1.5.0.jar;D:\JavaFiles\maven\repository\com\vaadin\external\google\android-json\0.0.20131108.vaadin1\android-json-0.0.20131108.vaadin1.jar;D:\JavaFiles\maven\repository\org\springframework\spring-core\5.1.7.RELEASE\spring-core-5.1.7.RELEASE.jar;D:\JavaFiles\maven\repository\org\springframework\spring-jcl\5.1.7.RELEASE\spring-jcl-5.1.7.RELEASE.jar;D:\JavaFiles\maven\repository\org\springframework\spring-test\5.1.7.RELEASE\spring-test-5.1.7.RELEASE.jar;D:\JavaFiles\maven\repository\org\xmlunit\xmlunit-core\2.6.2\xmlunit-core-2.6.2.jar;D:\JavaFiles\maven\repository\org\springframework\boot\spring-boot-starter-tomcat\2.1.5.RELEASE\spring-boot-starter-tomcat-2.1.5.RELEASE.jar;D:\JavaFiles\maven\repository\javax\annotation\javax.annotation-api\1.3.2\javax.annotation-api-1.3.2.jar;D:\JavaFiles\maven\repository\org\apache\tomcat\embed\tomcat-embed-core\9.0.19\tomcat-embed-core-9.0.19.jar;D:\JavaFiles\maven\repository\org\apache\tomcat\embed\tomcat-embed-el\9.0.19\tomcat-embed-el-9.0.19.jar;D:\JavaFiles\maven\repository\org\apache\tomcat\embed\tomcat-embed-websocket\9.0.19\tomcat-embed-websocket-9.0.19.jar;D:\JavaFiles\maven\repository\org\springframework\boot\spring-boot-devtools\2.1.5.RELEASE\spring-boot-devtools-2.1.5.RELEASE.jar;D:\JavaFiles\maven\repository\org\springframework\boot\spring-boot\2.1.5.RELEASE\spring-boot-2.1.5.RELEASE.jar;D:\JavaFiles\maven\repository\org\springframework\boot\spring-boot-autoconfigure\2.1.5.RELEASE\spring-boot-autoconfigure-2.1.5.RELEASE.jar;D:\JavaFiles\maven\repository\org\mybatis\spring\boot\mybatis-spring-boot-starter\1.1.1\mybatis-spring-boot-starter-1.1.1.jar;D:\JavaFiles\maven\repository\org\mybatis\spring\boot\mybatis-spring-boot-autoconfigure\1.1.1\mybatis-spring-boot-autoconfigure-1.1.1.jar;D:\JavaFiles\maven\repository\org\mybatis\mybatis\3.4.0\mybatis-3.4.0.jar;D:\JavaFiles\maven\repository\org\mybatis\mybatis-spring\1.3.0\mybatis-spring-1.3.0.jar;D:\JavaFiles\maven\repository\org\springframework\boot\spring-boot-starter-jdbc\2.1.5.RELEASE\spring-boot-starter-jdbc-2.1.5.RELEASE.jar;D:\JavaFiles\maven\repository\com\zaxxer\HikariCP\3.2.0\HikariCP-3.2.0.jar;D:\JavaFiles\maven\repository\org\springframework\spring-jdbc\5.1.7.RELEASE\spring-jdbc-5.1.7.RELEASE.jar;D:\JavaFiles\maven\repository\org\springframework\spring-tx\5.1.7.RELEASE\spring-tx-5.1.7.RELEASE.jar;D:\JavaFiles\maven\repository\org\springframework\boot\spring-boot-starter-freemarker\2.1.5.RELEASE\spring-boot-starter-freemarker-2.1.5.RELEASE.jar;D:\JavaFiles\maven\repository\org\freemarker\freemarker\2.3.28\freemarker-2.3.28.jar;D:\JavaFiles\maven\repository\org\springframework\spring-context-support\5.1.7.RELEASE\spring-context-support-5.1.7.RELEASE.jar;D:\JavaFiles\maven\repository\mysql\mysql-connector-java\8.0.16\mysql-connector-java-8.0.16.jar;D:\JavaFiles\maven\repository\com\alibaba\druid\1.0.28\druid-1.0.28.jar;C:\Program Files\Java\jdk1.8.0_171\jre\..\lib\jconsole.jar;C:\Program Files\Java\jdk1.8.0_171\jre\..\lib\tools.jar;D:\JavaFiles\maven\repository\org\apache\poi\poi\3.9\poi-3.9.jar;D:\JavaFiles\maven\repository\org\apache\poi\poi-ooxml\3.9\poi-ooxml-3.9.jar;D:\JavaFiles\maven\repository\org\apache\poi\poi-ooxml-schemas\3.9\poi-ooxml-schemas-3.9.jar;D:\JavaFiles\maven\repository\org\apache\xmlbeans\xmlbeans\2.3.0\xmlbeans-2.3.0.jar;D:\JavaFiles\maven\repository\stax\stax-api\1.0.1\stax-api-1.0.1.jar;D:\JavaFiles\maven\repository\dom4j\dom4j\1.6.1\dom4j-1.6.1.jar;D:\JavaFiles\maven\repository\xml-apis\xml-apis\1.4.01\xml-apis-1.4.01.jar;D:\JavaFiles\maven\repository\net\sourceforge\nekohtml\nekohtml\1.9.22\nekohtml-1.9.22.jar;D:\JavaFiles\maven\repository\xerces\xercesImpl\2.11.0\xercesImpl-2.11.0.jar;D:\JavaFiles\maven\repository\org\springframework\boot\spring-boot-starter-thymeleaf\2.1.5.RELEASE\spring-boot-starter-thymeleaf-2.1.5.RELEASE.jar;D:\JavaFiles\maven\repository\org\thymeleaf\thymeleaf-spring5\3.0.11.RELEASE\thymeleaf-spring5-3.0.11.RELEASE.jar;D:\JavaFiles\maven\repository\org\thymeleaf\thymeleaf\3.0.11.RELEASE\thymeleaf-3.0.11.RELEASE.jar;D:\JavaFiles\maven\repository\org\attoparser\attoparser\2.0.5.RELEASE\attoparser-2.0.5.RELEASE.jar;D:\JavaFiles\maven\repository\org\unbescape\unbescape\1.1.6.RELEASE\unbescape-1.1.6.RELEASE.jar;D:\JavaFiles\maven\repository\org\thymeleaf\extras\thymeleaf-extras-java8time\3.0.4.RELEASE\thymeleaf-extras-java8time-3.0.4.RELEASE.jar;"/>
    <property name="java.vm.vendor" value="Oracle Corporation"/>
    <property name="sun.arch.data.model" value="64"/>
    <property name="user.variant" value=""/>
    <property name="java.vendor.url" value="http://java.oracle.com/"/>
    <property name="user.timezone" value="Asia/Shanghai"/>
    <property name="java.vm.specification.version" value="1.8"/>
    <property name="os.name" value="Windows 10"/>
    <property name="user.country" value="CN"/>
    <property name="sun.java.launcher" value="SUN_STANDARD"/>
    <property name="sun.boot.library.path" value="C:\Program Files\Java\jdk1.8.0_171\jre\bin"/>
    <property name="sun.java.command" value="C:\Users\12803\AppData\Local\Temp\surefire980526703174373226\surefirebooter8476659190131816633.jar C:\Users\12803\AppData\Local\Temp\surefire980526703174373226 2019-05-19T14-57-18_450-jvmRun1 surefire5550064651647988905tmp surefire_07511350148105317579tmp"/>
    <property name="surefire.test.class.path" value="D:\JavaFiles\workspace\demo0519\target\test-classes;D:\JavaFiles\workspace\demo0519\target\classes;D:\JavaFiles\maven\repository\log4j\log4j\1.2.16\log4j-1.2.16.jar;D:\JavaFiles\maven\repository\commons-fileupload\commons-fileupload\1.3.1\commons-fileupload-1.3.1.jar;D:\JavaFiles\maven\repository\commons-io\commons-io\2.4\commons-io-2.4.jar;D:\JavaFiles\maven\repository\commons-codec\commons-codec\1.11\commons-codec-1.11.jar;D:\JavaFiles\maven\repository\org\springframework\boot\spring-boot-starter-web\2.1.5.RELEASE\spring-boot-starter-web-2.1.5.RELEASE.jar;D:\JavaFiles\maven\repository\org\springframework\boot\spring-boot-starter\2.1.5.RELEASE\spring-boot-starter-2.1.5.RELEASE.jar;D:\JavaFiles\maven\repository\org\springframework\boot\spring-boot-starter-logging\2.1.5.RELEASE\spring-boot-starter-logging-2.1.5.RELEASE.jar;D:\JavaFiles\maven\repository\ch\qos\logback\logback-classic\1.2.3\logback-classic-1.2.3.jar;D:\JavaFiles\maven\repository\ch\qos\logback\logback-core\1.2.3\logback-core-1.2.3.jar;D:\JavaFiles\maven\repository\org\apache\logging\log4j\log4j-to-slf4j\2.11.2\log4j-to-slf4j-2.11.2.jar;D:\JavaFiles\maven\repository\org\apache\logging\log4j\log4j-api\2.11.2\log4j-api-2.11.2.jar;D:\JavaFiles\maven\repository\org\slf4j\jul-to-slf4j\1.7.26\jul-to-slf4j-1.7.26.jar;D:\JavaFiles\maven\repository\org\yaml\snakeyaml\1.23\snakeyaml-1.23.jar;D:\JavaFiles\maven\repository\org\springframework\boot\spring-boot-starter-json\2.1.5.RELEASE\spring-boot-starter-json-2.1.5.RELEASE.jar;D:\JavaFiles\maven\repository\com\fasterxml\jackson\core\jackson-databind\2.9.8\jackson-databind-2.9.8.jar;D:\JavaFiles\maven\repository\com\fasterxml\jackson\core\jackson-annotations\2.9.0\jackson-annotations-2.9.0.jar;D:\JavaFiles\maven\repository\com\fasterxml\jackson\core\jackson-core\2.9.8\jackson-core-2.9.8.jar;D:\JavaFiles\maven\repository\com\fasterxml\jackson\datatype\jackson-datatype-jdk8\2.9.8\jackson-datatype-jdk8-2.9.8.jar;D:\JavaFiles\maven\repository\com\fasterxml\jackson\datatype\jackson-datatype-jsr310\2.9.8\jackson-datatype-jsr310-2.9.8.jar;D:\JavaFiles\maven\repository\com\fasterxml\jackson\module\jackson-module-parameter-names\2.9.8\jackson-module-parameter-names-2.9.8.jar;D:\JavaFiles\maven\repository\org\hibernate\validator\hibernate-validator\6.0.16.Final\hibernate-validator-6.0.16.Final.jar;D:\JavaFiles\maven\repository\javax\validation\validation-api\2.0.1.Final\validation-api-2.0.1.Final.jar;D:\JavaFiles\maven\repository\org\jboss\logging\jboss-logging\3.3.2.Final\jboss-logging-3.3.2.Final.jar;D:\JavaFiles\maven\repository\com\fasterxml\classmate\1.4.0\classmate-1.4.0.jar;D:\JavaFiles\maven\repository\org\springframework\spring-web\5.1.7.RELEASE\spring-web-5.1.7.RELEASE.jar;D:\JavaFiles\maven\repository\org\springframework\spring-beans\5.1.7.RELEASE\spring-beans-5.1.7.RELEASE.jar;D:\JavaFiles\maven\repository\org\springframework\spring-webmvc\5.1.7.RELEASE\spring-webmvc-5.1.7.RELEASE.jar;D:\JavaFiles\maven\repository\org\springframework\spring-aop\5.1.7.RELEASE\spring-aop-5.1.7.RELEASE.jar;D:\JavaFiles\maven\repository\org\springframework\spring-context\5.1.7.RELEASE\spring-context-5.1.7.RELEASE.jar;D:\JavaFiles\maven\repository\org\springframework\spring-expression\5.1.7.RELEASE\spring-expression-5.1.7.RELEASE.jar;D:\JavaFiles\maven\repository\com\alibaba\fastjson\1.1.41\fastjson-1.1.41.jar;D:\JavaFiles\maven\repository\org\springframework\boot\spring-boot-starter-test\2.1.5.RELEASE\spring-boot-starter-test-2.1.5.RELEASE.jar;D:\JavaFiles\maven\repository\org\springframework\boot\spring-boot-test\2.1.5.RELEASE\spring-boot-test-2.1.5.RELEASE.jar;D:\JavaFiles\maven\repository\org\springframework\boot\spring-boot-test-autoconfigure\2.1.5.RELEASE\spring-boot-test-autoconfigure-2.1.5.RELEASE.jar;D:\JavaFiles\maven\repository\com\jayway\jsonpath\json-path\2.4.0\json-path-2.4.0.jar;D:\JavaFiles\maven\repository\net\minidev\json-smart\2.3\json-smart-2.3.jar;D:\JavaFiles\maven\repository\net\minidev\accessors-smart\1.2\accessors-smart-1.2.jar;D:\JavaFiles\maven\repository\org\ow2\asm\asm\5.0.4\asm-5.0.4.jar;D:\JavaFiles\maven\repository\org\slf4j\slf4j-api\1.7.26\slf4j-api-1.7.26.jar;D:\JavaFiles\maven\repository\junit\junit\4.12\junit-4.12.jar;D:\JavaFiles\maven\repository\org\assertj\assertj-core\3.11.1\assertj-core-3.11.1.jar;D:\JavaFiles\maven\repository\org\mockito\mockito-core\2.23.4\mockito-core-2.23.4.jar;D:\JavaFiles\maven\repository\net\bytebuddy\byte-buddy\1.9.12\byte-buddy-1.9.12.jar;D:\JavaFiles\maven\repository\net\bytebuddy\byte-buddy-agent\1.9.12\byte-buddy-agent-1.9.12.jar;D:\JavaFiles\maven\repository\org\objenesis\objenesis\2.6\objenesis-2.6.jar;D:\JavaFiles\maven\repository\org\hamcrest\hamcrest-core\1.3\hamcrest-core-1.3.jar;D:\JavaFiles\maven\repository\org\hamcrest\hamcrest-library\1.3\hamcrest-library-1.3.jar;D:\JavaFiles\maven\repository\org\skyscreamer\jsonassert\1.5.0\jsonassert-1.5.0.jar;D:\JavaFiles\maven\repository\com\vaadin\external\google\android-json\0.0.20131108.vaadin1\android-json-0.0.20131108.vaadin1.jar;D:\JavaFiles\maven\repository\org\springframework\spring-core\5.1.7.RELEASE\spring-core-5.1.7.RELEASE.jar;D:\JavaFiles\maven\repository\org\springframework\spring-jcl\5.1.7.RELEASE\spring-jcl-5.1.7.RELEASE.jar;D:\JavaFiles\maven\repository\org\springframework\spring-test\5.1.7.RELEASE\spring-test-5.1.7.RELEASE.jar;D:\JavaFiles\maven\repository\org\xmlunit\xmlunit-core\2.6.2\xmlunit-core-2.6.2.jar;D:\JavaFiles\maven\repository\org\springframework\boot\spring-boot-starter-tomcat\2.1.5.RELEASE\spring-boot-starter-tomcat-2.1.5.RELEASE.jar;D:\JavaFiles\maven\repository\javax\annotation\javax.annotation-api\1.3.2\javax.annotation-api-1.3.2.jar;D:\JavaFiles\maven\repository\org\apache\tomcat\embed\tomcat-embed-core\9.0.19\tomcat-embed-core-9.0.19.jar;D:\JavaFiles\maven\repository\org\apache\tomcat\embed\tomcat-embed-el\9.0.19\tomcat-embed-el-9.0.19.jar;D:\JavaFiles\maven\repository\org\apache\tomcat\embed\tomcat-embed-websocket\9.0.19\tomcat-embed-websocket-9.0.19.jar;D:\JavaFiles\maven\repository\org\springframework\boot\spring-boot-devtools\2.1.5.RELEASE\spring-boot-devtools-2.1.5.RELEASE.jar;D:\JavaFiles\maven\repository\org\springframework\boot\spring-boot\2.1.5.RELEASE\spring-boot-2.1.5.RELEASE.jar;D:\JavaFiles\maven\repository\org\springframework\boot\spring-boot-autoconfigure\2.1.5.RELEASE\spring-boot-autoconfigure-2.1.5.RELEASE.jar;D:\JavaFiles\maven\repository\org\mybatis\spring\boot\mybatis-spring-boot-starter\1.1.1\mybatis-spring-boot-starter-1.1.1.jar;D:\JavaFiles\maven\repository\org\mybatis\spring\boot\mybatis-spring-boot-autoconfigure\1.1.1\mybatis-spring-boot-autoconfigure-1.1.1.jar;D:\JavaFiles\maven\repository\org\mybatis\mybatis\3.4.0\mybatis-3.4.0.jar;D:\JavaFiles\maven\repository\org\mybatis\mybatis-spring\1.3.0\mybatis-spring-1.3.0.jar;D:\JavaFiles\maven\repository\org\springframework\boot\spring-boot-starter-jdbc\2.1.5.RELEASE\spring-boot-starter-jdbc-2.1.5.RELEASE.jar;D:\JavaFiles\maven\repository\com\zaxxer\HikariCP\3.2.0\HikariCP-3.2.0.jar;D:\JavaFiles\maven\repository\org\springframework\spring-jdbc\5.1.7.RELEASE\spring-jdbc-5.1.7.RELEASE.jar;D:\JavaFiles\maven\repository\org\springframework\spring-tx\5.1.7.RELEASE\spring-tx-5.1.7.RELEASE.jar;D:\JavaFiles\maven\repository\org\springframework\boot\spring-boot-starter-freemarker\2.1.5.RELEASE\spring-boot-starter-freemarker-2.1.5.RELEASE.jar;D:\JavaFiles\maven\repository\org\freemarker\freemarker\2.3.28\freemarker-2.3.28.jar;D:\JavaFiles\maven\repository\org\springframework\spring-context-support\5.1.7.RELEASE\spring-context-support-5.1.7.RELEASE.jar;D:\JavaFiles\maven\repository\mysql\mysql-connector-java\8.0.16\mysql-connector-java-8.0.16.jar;D:\JavaFiles\maven\repository\com\alibaba\druid\1.0.28\druid-1.0.28.jar;C:\Program Files\Java\jdk1.8.0_171\jre\..\lib\jconsole.jar;C:\Program Files\Java\jdk1.8.0_171\jre\..\lib\tools.jar;D:\JavaFiles\maven\repository\org\apache\poi\poi\3.9\poi-3.9.jar;D:\JavaFiles\maven\repository\org\apache\poi\poi-ooxml\3.9\poi-ooxml-3.9.jar;D:\JavaFiles\maven\repository\org\apache\poi\poi-ooxml-schemas\3.9\poi-ooxml-schemas-3.9.jar;D:\JavaFiles\maven\repository\org\apache\xmlbeans\xmlbeans\2.3.0\xmlbeans-2.3.0.jar;D:\JavaFiles\maven\repository\stax\stax-api\1.0.1\stax-api-1.0.1.jar;D:\JavaFiles\maven\repository\dom4j\dom4j\1.6.1\dom4j-1.6.1.jar;D:\JavaFiles\maven\repository\xml-apis\xml-apis\1.4.01\xml-apis-1.4.01.jar;D:\JavaFiles\maven\repository\net\sourceforge\nekohtml\nekohtml\1.9.22\nekohtml-1.9.22.jar;D:\JavaFiles\maven\repository\xerces\xercesImpl\2.11.0\xercesImpl-2.11.0.jar;D:\JavaFiles\maven\repository\org\springframework\boot\spring-boot-starter-thymeleaf\2.1.5.RELEASE\spring-boot-starter-thymeleaf-2.1.5.RELEASE.jar;D:\JavaFiles\maven\repository\org\thymeleaf\thymeleaf-spring5\3.0.11.RELEASE\thymeleaf-spring5-3.0.11.RELEASE.jar;D:\JavaFiles\maven\repository\org\thymeleaf\thymeleaf\3.0.11.RELEASE\thymeleaf-3.0.11.RELEASE.jar;D:\JavaFiles\maven\repository\org\attoparser\attoparser\2.0.5.RELEASE\attoparser-2.0.5.RELEASE.jar;D:\JavaFiles\maven\repository\org\unbescape\unbescape\1.1.6.RELEASE\unbescape-1.1.6.RELEASE.jar;D:\JavaFiles\maven\repository\org\thymeleaf\extras\thymeleaf-extras-java8time\3.0.4.RELEASE\thymeleaf-extras-java8time-3.0.4.RELEASE.jar;"/>
    <property name="sun.cpu.endian" value="little"/>
    <property name="user.home" value="C:\Users\12803"/>
    <property name="user.language" value="zh"/>
    <property name="java.specification.vendor" value="Oracle Corporation"/>
    <property name="java.home" value="C:\Program Files\Java\jdk1.8.0_171\jre"/>
    <property name="basedir" value="D:\JavaFiles\workspace\demo0519"/>
    <property name="file.separator" value="\"/>
    <property name="line.separator" value="&#10;"/>
    <property name="java.vm.specification.vendor" value="Oracle Corporation"/>
    <property name="java.specification.name" value="Java Platform API Specification"/>
    <property name="java.awt.graphicsenv" value="sun.awt.Win32GraphicsEnvironment"/>
    <property name="surefire.real.class.path" value="C:\Users\12803\AppData\Local\Temp\surefire980526703174373226\surefirebooter8476659190131816633.jar"/>
    <property name="sun.boot.class.path" value="C:\Program Files\Java\jdk1.8.0_171\jre\lib\resources.jar;C:\Program Files\Java\jdk1.8.0_171\jre\lib\rt.jar;C:\Program Files\Java\jdk1.8.0_171\jre\lib\sunrsasign.jar;C:\Program Files\Java\jdk1.8.0_171\jre\lib\jsse.jar;C:\Program Files\Java\jdk1.8.0_171\jre\lib\jce.jar;C:\Program Files\Java\jdk1.8.0_171\jre\lib\charsets.jar;C:\Program Files\Java\jdk1.8.0_171\jre\lib\jfr.jar;C:\Program Files\Java\jdk1.8.0_171\jre\classes"/>
    <property name="user.script" value=""/>
    <property name="sun.management.compiler" value="HotSpot 64-Bit Tiered Compilers"/>
    <property name="java.runtime.version" value="1.8.0_171-b11"/>
    <property name="user.name" value="12803"/>
    <property name="path.separator" value=";"/>
    <property name="os.version" value="10.0"/>
    <property name="java.endorsed.dirs" value="C:\Program Files\Java\jdk1.8.0_171\jre\lib\endorsed"/>
    <property name="java.runtime.name" value="Java(TM) SE Runtime Environment"/>
    <property name="file.encoding" value="GBK"/>
    <property name="java.vm.name" value="Java HotSpot(TM) 64-Bit Server VM"/>
    <property name="localRepository" value="D:\JavaFiles\maven\repository"/>
    <property name="java.vendor.url.bug" value="http://bugreport.sun.com/bugreport/"/>
    <property name="java.io.tmpdir" value="C:\Users\12803\AppData\Local\Temp\"/>
    <property name="java.version" value="1.8.0_171"/>
    <property name="user.dir" value="D:\JavaFiles\workspace\demo0519"/>
    <property name="os.arch" value="amd64"/>
    <property name="java.vm.specification.name" value="Java Virtual Machine Specification"/>
    <property name="java.awt.printerjob" value="sun.awt.windows.WPrinterJob"/>
    <property name="sun.os.patch.level" value=""/>
    <property name="java.library.path" value="C:\Program Files\Java\jdk1.8.0_171\jre\bin;C:\WINDOWS\Sun\Java\bin;C:\WINDOWS\system32;C:\WINDOWS;C:/Program Files/Java/jdk1.8.0_171/bin/../jre/bin/server;C:/Program Files/Java/jdk1.8.0_171/bin/../jre/bin;C:/Program Files/Java/jdk1.8.0_171/bin/../jre/lib/amd64;C:\Program Files\Microsoft MPI\Bin\;C:\Windows\system32;C:\Windows;C:\Windows\System32\Wbem;C:\Windows\System32\WindowsPowerShell\v1.0\;C:\Program Files (x86)\NVIDIA Corporation\PhysX\Common;C:\Program Files\Java\jdk1.8.0_171\bin;C:\Program Files\dotnet\;C:\WINDOWS\system32;C:\WINDOWS;C:\WINDOWS\System32\Wbem;C:\WINDOWS\System32\WindowsPowerShell\v1.0\;C:\WINDOWS\System32\OpenSSH\;C:\Program Files\MySQL\MySQL Server 8.0\bin;D:\Program Files (x86)\Microsoft SQL Server\140\Tools\Binn\;D:\Program Files\Microsoft SQL Server\140\Tools\Binn\;D:\Program Files (x86)\Microsoft SQL Server\140\DTS\Binn\;D:\Program Files\Microsoft SQL Server\140\DTS\Binn\;D:\Program Files\Microsoft SQL Server\Client SDK\ODBC\130\Tools\Binn\;C:\Program Files (x86)\Microsoft SQL Server\140\Tools\Binn\;C:\Program Files (x86)\Microsoft SQL Server\140\DTS\Binn\;C:\Program Files (x86)\Microsoft SQL Server\Client SDK\ODBC\130\Tools\Binn\;C:\Program Files (x86)\Microsoft SQL Server\140\Tools\Binn\ManagementStudio\;D:\Program Files\Microsoft SQL Server\130\Tools\Binn\;D:\Program Files\TortoiseSVN\bin;D:\JAVA开发工具\maven\apache-maven-3.6.0-bin\apache-maven-3.6.0\bin;C:\Users\12803\AppData\Local\Microsoft\WindowsApps;C:\Users\12803\AppData\Local\GitHubDesktop\bin;D:\JAVA开发工具\eclipse;;."/>
    <property name="java.vm.info" value="mixed mode"/>
    <property name="java.vendor" value="Oracle Corporation"/>
    <property name="java.vm.version" value="25.171-b11"/>
    <property name="java.ext.dirs" value="C:\Program Files\Java\jdk1.8.0_171\jre\lib\ext;C:\WINDOWS\Sun\Java\lib\ext"/>
    <property name="sun.io.unicode.encoding" value="UnicodeLittle"/>
    <property name="java.class.version" value="52.0"/>
  </properties>
  <testcase name="contextLoads" classname="com.example.demo.Demo0519ApplicationTests" time="0.399"/>
</testsuite>